<?xml version="1.0" encoding="UTF-8"?>
<testsuite xmlns:xsi="http://www.w3.org/2001/XMLSchema-instance" xsi:noNamespaceSchemaLocation="https://maven.apache.org/surefire/maven-surefire-plugin/xsd/surefire-test-report.xsd" name="com.example.cowin.CowinApplicationTests" time="0.189" tests="3" errors="0" skipped="0" failures="0">
  <properties>
    <property name="java.specification.version" value="16"/>
    <property name="sun.jnu.encoding" value="UTF-8"/>
    <property name="java.class.path" value="/Users/mukuldhariwal/Desktop/git-projects/cowin/target/test-classes:/Users/mukuldhariwal/Desktop/git-projects/cowin/target/classes:/Users/mukuldhariwal/.m2/repository/org/springframework/boot/spring-boot-starter-web/2.5.0-SNAPSHOT/spring-boot-starter-web-2.5.0-SNAPSHOT.jar:/Users/mukuldhariwal/.m2/repository/org/springframework/boot/spring-boot-starter/2.5.0-SNAPSHOT/spring-boot-starter-2.5.0-SNAPSHOT.jar:/Users/mukuldhariwal/.m2/repository/org/springframework/boot/spring-boot-starter-logging/2.5.0-SNAPSHOT/spring-boot-starter-logging-2.5.0-SNAPSHOT.jar:/Users/mukuldhariwal/.m2/repository/ch/qos/logback/logback-classic/1.2.3/logback-classic-1.2.3.jar:/Users/mukuldhariwal/.m2/repository/ch/qos/logback/logback-core/1.2.3/logback-core-1.2.3.jar:/Users/mukuldhariwal/.m2/repository/org/apache/logging/log4j/log4j-to-slf4j/2.14.1/log4j-to-slf4j-2.14.1.jar:/Users/mukuldhariwal/.m2/repository/org/apache/logging/log4j/log4j-api/2.14.1/log4j-api-2.14.1.jar:/Users/mukuldhariwal/.m2/repository/org/slf4j/jul-to-slf4j/1.7.30/jul-to-slf4j-1.7.30.jar:/Users/mukuldhariwal/.m2/repository/jakarta/annotation/jakarta.annotation-api/1.3.5/jakarta.annotation-api-1.3.5.jar:/Users/mukuldhariwal/.m2/repository/org/yaml/snakeyaml/1.28/snakeyaml-1.28.jar:/Users/mukuldhariwal/.m2/repository/org/springframework/boot/spring-boot-starter-json/2.5.0-SNAPSHOT/spring-boot-starter-json-2.5.0-SNAPSHOT.jar:/Users/mukuldhariwal/.m2/repository/com/fasterxml/jackson/core/jackson-databind/2.12.3/jackson-databind-2.12.3.jar:/Users/mukuldhariwal/.m2/repository/com/fasterxml/jackson/core/jackson-annotations/2.12.3/jackson-annotations-2.12.3.jar:/Users/mukuldhariwal/.m2/repository/com/fasterxml/jackson/core/jackson-core/2.12.3/jackson-core-2.12.3.jar:/Users/mukuldhariwal/.m2/repository/com/fasterxml/jackson/datatype/jackson-datatype-jdk8/2.12.3/jackson-datatype-jdk8-2.12.3.jar:/Users/mukuldhariwal/.m2/repository/com/fasterxml/jackson/datatype/jackson-datatype-jsr310/2.12.3/jackson-datatype-jsr310-2.12.3.jar:/Users/mukuldhariwal/.m2/repository/com/fasterxml/jackson/module/jackson-module-parameter-names/2.12.3/jackson-module-parameter-names-2.12.3.jar:/Users/mukuldhariwal/.m2/repository/org/springframework/boot/spring-boot-starter-tomcat/2.5.0-SNAPSHOT/spring-boot-starter-tomcat-2.5.0-SNAPSHOT.jar:/Users/mukuldhariwal/.m2/repository/org/apache/tomcat/embed/tomcat-embed-core/9.0.45/tomcat-embed-core-9.0.45.jar:/Users/mukuldhariwal/.m2/repository/org/apache/tomcat/embed/tomcat-embed-el/9.0.45/tomcat-embed-el-9.0.45.jar:/Users/mukuldhariwal/.m2/repository/org/apache/tomcat/embed/tomcat-embed-websocket/9.0.45/tomcat-embed-websocket-9.0.45.jar:/Users/mukuldhariwal/.m2/repository/org/springframework/spring-web/5.3.6/spring-web-5.3.6.jar:/Users/mukuldhariwal/.m2/repository/org/springframework/spring-beans/5.3.6/spring-beans-5.3.6.jar:/Users/mukuldhariwal/.m2/repository/org/springframework/spring-webmvc/5.3.6/spring-webmvc-5.3.6.jar:/Users/mukuldhariwal/.m2/repository/org/springframework/spring-aop/5.3.6/spring-aop-5.3.6.jar:/Users/mukuldhariwal/.m2/repository/org/springframework/spring-context/5.3.6/spring-context-5.3.6.jar:/Users/mukuldhariwal/.m2/repository/org/springframework/spring-expression/5.3.6/spring-expression-5.3.6.jar:/Users/mukuldhariwal/.m2/repository/org/springframework/boot/spring-boot-starter-mail/2.3.4.RELEASE/spring-boot-starter-mail-2.3.4.RELEASE.jar:/Users/mukuldhariwal/.m2/repository/org/springframework/spring-context-support/5.3.6/spring-context-support-5.3.6.jar:/Users/mukuldhariwal/.m2/repository/com/sun/mail/jakarta.mail/1.6.7/jakarta.mail-1.6.7.jar:/Users/mukuldhariwal/.m2/repository/com/sun/activation/jakarta.activation/1.2.2/jakarta.activation-1.2.2.jar:/Users/mukuldhariwal/.m2/repository/org/springframework/boot/spring-boot-starter-web-services/2.5.0-SNAPSHOT/spring-boot-starter-web-services-2.5.0-SNAPSHOT.jar:/Users/mukuldhariwal/.m2/repository/com/sun/xml/messaging/saaj/saaj-impl/1.5.2/saaj-impl-1.5.2.jar:/Users/mukuldhariwal/.m2/repository/jakarta/xml/soap/jakarta.xml.soap-api/1.4.2/jakarta.xml.soap-api-1.4.2.jar:/Users/mukuldhariwal/.m2/repository/org/jvnet/staxex/stax-ex/1.8.3/stax-ex-1.8.3.jar:/Users/mukuldhariwal/.m2/repository/jakarta/xml/ws/jakarta.xml.ws-api/2.3.3/jakarta.xml.ws-api-2.3.3.jar:/Users/mukuldhariwal/.m2/repository/jakarta/jws/jakarta.jws-api/2.1.0/jakarta.jws-api-2.1.0.jar:/Users/mukuldhariwal/.m2/repository/org/springframework/spring-oxm/5.3.6/spring-oxm-5.3.6.jar:/Users/mukuldhariwal/.m2/repository/org/springframework/ws/spring-ws-core/3.1.0-RC1/spring-ws-core-3.1.0-RC1.jar:/Users/mukuldhariwal/.m2/repository/org/springframework/ws/spring-xml/3.1.0-RC1/spring-xml-3.1.0-RC1.jar:/Users/mukuldhariwal/.m2/repository/org/springframework/boot/spring-boot-devtools/2.5.0-SNAPSHOT/spring-boot-devtools-2.5.0-SNAPSHOT.jar:/Users/mukuldhariwal/.m2/repository/org/springframework/boot/spring-boot/2.5.0-SNAPSHOT/spring-boot-2.5.0-SNAPSHOT.jar:/Users/mukuldhariwal/.m2/repository/org/springframework/boot/spring-boot-autoconfigure/2.5.0-SNAPSHOT/spring-boot-autoconfigure-2.5.0-SNAPSHOT.jar:/Users/mukuldhariwal/.m2/repository/org/springframework/boot/spring-boot-starter-test/2.5.0-SNAPSHOT/spring-boot-starter-test-2.5.0-SNAPSHOT.jar:/Users/mukuldhariwal/.m2/repository/org/springframework/boot/spring-boot-test/2.5.0-SNAPSHOT/spring-boot-test-2.5.0-SNAPSHOT.jar:/Users/mukuldhariwal/.m2/repository/org/springframework/boot/spring-boot-test-autoconfigure/2.5.0-SNAPSHOT/spring-boot-test-autoconfigure-2.5.0-SNAPSHOT.jar:/Users/mukuldhariwal/.m2/repository/com/jayway/jsonpath/json-path/2.5.0/json-path-2.5.0.jar:/Users/mukuldhariwal/.m2/repository/net/minidev/json-smart/2.4.2/json-smart-2.4.2.jar:/Users/mukuldhariwal/.m2/repository/net/minidev/accessors-smart/2.4.2/accessors-smart-2.4.2.jar:/Users/mukuldhariwal/.m2/repository/org/ow2/asm/asm/8.0.1/asm-8.0.1.jar:/Users/mukuldhariwal/.m2/repository/org/slf4j/slf4j-api/1.7.30/slf4j-api-1.7.30.jar:/Users/mukuldhariwal/.m2/repository/jakarta/xml/bind/jakarta.xml.bind-api/2.3.3/jakarta.xml.bind-api-2.3.3.jar:/Users/mukuldhariwal/.m2/repository/jakarta/activation/jakarta.activation-api/1.2.2/jakarta.activation-api-1.2.2.jar:/Users/mukuldhariwal/.m2/repository/org/assertj/assertj-core/3.19.0/assertj-core-3.19.0.jar:/Users/mukuldhariwal/.m2/repository/org/hamcrest/hamcrest/2.2/hamcrest-2.2.jar:/Users/mukuldhariwal/.m2/repository/org/junit/jupiter/junit-jupiter/5.7.1/junit-jupiter-5.7.1.jar:/Users/mukuldhariwal/.m2/repository/org/junit/jupiter/junit-jupiter-api/5.7.1/junit-jupiter-api-5.7.1.jar:/Users/mukuldhariwal/.m2/repository/org/apiguardian/apiguardian-api/1.1.0/apiguardian-api-1.1.0.jar:/Users/mukuldhariwal/.m2/repository/org/opentest4j/opentest4j/1.2.0/opentest4j-1.2.0.jar:/Users/mukuldhariwal/.m2/repository/org/junit/platform/junit-platform-commons/1.7.1/junit-platform-commons-1.7.1.jar:/Users/mukuldhariwal/.m2/repository/org/junit/jupiter/junit-jupiter-params/5.7.1/junit-jupiter-params-5.7.1.jar:/Users/mukuldhariwal/.m2/repository/org/junit/jupiter/junit-jupiter-engine/5.7.1/junit-jupiter-engine-5.7.1.jar:/Users/mukuldhariwal/.m2/repository/org/junit/platform/junit-platform-engine/1.7.1/junit-platform-engine-1.7.1.jar:/Users/mukuldhariwal/.m2/repository/org/mockito/mockito-core/3.9.0/mockito-core-3.9.0.jar:/Users/mukuldhariwal/.m2/repository/net/bytebuddy/byte-buddy/1.10.22/byte-buddy-1.10.22.jar:/Users/mukuldhariwal/.m2/repository/net/bytebuddy/byte-buddy-agent/1.10.22/byte-buddy-agent-1.10.22.jar:/Users/mukuldhariwal/.m2/repository/org/objenesis/objenesis/3.2/objenesis-3.2.jar:/Users/mukuldhariwal/.m2/repository/org/mockito/mockito-junit-jupiter/3.9.0/mockito-junit-jupiter-3.9.0.jar:/Users/mukuldhariwal/.m2/repository/org/skyscreamer/jsonassert/1.5.0/jsonassert-1.5.0.jar:/Users/mukuldhariwal/.m2/repository/com/vaadin/external/google/android-json/0.0.20131108.vaadin1/android-json-0.0.20131108.vaadin1.jar:/Users/mukuldhariwal/.m2/repository/org/springframework/spring-core/5.3.6/spring-core-5.3.6.jar:/Users/mukuldhariwal/.m2/repository/org/springframework/spring-jcl/5.3.6/spring-jcl-5.3.6.jar:/Users/mukuldhariwal/.m2/repository/org/springframework/spring-test/5.3.6/spring-test-5.3.6.jar:/Users/mukuldhariwal/.m2/repository/org/xmlunit/xmlunit-core/2.8.2/xmlunit-core-2.8.2.jar:"/>
    <property name="java.vm.vendor" value="Oracle Corporation"/>
    <property name="sun.arch.data.model" value="64"/>
    <property name="java.vendor.url" value="https://java.oracle.com/"/>
    <property name="os.name" value="Mac OS X"/>
    <property name="java.vm.specification.version" value="16"/>
    <property name="sun.java.launcher" value="SUN_STANDARD"/>
    <property name="user.country" value="IN"/>
    <property name="sun.boot.library.path" value="/Users/mukuldhariwal/Library/Java/JavaVirtualMachines/openjdk-16.0.1/Contents/Home/lib"/>
    <property name="sun.java.command" value="/Users/mukuldhariwal/Desktop/git-projects/cowin/target/surefire/surefirebooter17752584966343101009.jar /Users/mukuldhariwal/Desktop/git-projects/cowin/target/surefire 2021-05-03T11-08-28_338-jvmRun1 surefire1134940302541927031tmp surefire_011405210570340447606tmp"/>
    <property name="http.nonProxyHosts" value="local|*.local|169.254/16|*.169.254/16"/>
    <property name="jdk.debug" value="release"/>
    <property name="surefire.test.class.path" value="/Users/mukuldhariwal/Desktop/git-projects/cowin/target/test-classes:/Users/mukuldhariwal/Desktop/git-projects/cowin/target/classes:/Users/mukuldhariwal/.m2/repository/org/springframework/boot/spring-boot-starter-web/2.5.0-SNAPSHOT/spring-boot-starter-web-2.5.0-SNAPSHOT.jar:/Users/mukuldhariwal/.m2/repository/org/springframework/boot/spring-boot-starter/2.5.0-SNAPSHOT/spring-boot-starter-2.5.0-SNAPSHOT.jar:/Users/mukuldhariwal/.m2/repository/org/springframework/boot/spring-boot-starter-logging/2.5.0-SNAPSHOT/spring-boot-starter-logging-2.5.0-SNAPSHOT.jar:/Users/mukuldhariwal/.m2/repository/ch/qos/logback/logback-classic/1.2.3/logback-classic-1.2.3.jar:/Users/mukuldhariwal/.m2/repository/ch/qos/logback/logback-core/1.2.3/logback-core-1.2.3.jar:/Users/mukuldhariwal/.m2/repository/org/apache/logging/log4j/log4j-to-slf4j/2.14.1/log4j-to-slf4j-2.14.1.jar:/Users/mukuldhariwal/.m2/repository/org/apache/logging/log4j/log4j-api/2.14.1/log4j-api-2.14.1.jar:/Users/mukuldhariwal/.m2/repository/org/slf4j/jul-to-slf4j/1.7.30/jul-to-slf4j-1.7.30.jar:/Users/mukuldhariwal/.m2/repository/jakarta/annotation/jakarta.annotation-api/1.3.5/jakarta.annotation-api-1.3.5.jar:/Users/mukuldhariwal/.m2/repository/org/yaml/snakeyaml/1.28/snakeyaml-1.28.jar:/Users/mukuldhariwal/.m2/repository/org/springframework/boot/spring-boot-starter-json/2.5.0-SNAPSHOT/spring-boot-starter-json-2.5.0-SNAPSHOT.jar:/Users/mukuldhariwal/.m2/repository/com/fasterxml/jackson/core/jackson-databind/2.12.3/jackson-databind-2.12.3.jar:/Users/mukuldhariwal/.m2/repository/com/fasterxml/jackson/core/jackson-annotations/2.12.3/jackson-annotations-2.12.3.jar:/Users/mukuldhariwal/.m2/repository/com/fasterxml/jackson/core/jackson-core/2.12.3/jackson-core-2.12.3.jar:/Users/mukuldhariwal/.m2/repository/com/fasterxml/jackson/datatype/jackson-datatype-jdk8/2.12.3/jackson-datatype-jdk8-2.12.3.jar:/Users/mukuldhariwal/.m2/repository/com/fasterxml/jackson/datatype/jackson-datatype-jsr310/2.12.3/jackson-datatype-jsr310-2.12.3.jar:/Users/mukuldhariwal/.m2/repository/com/fasterxml/jackson/module/jackson-module-parameter-names/2.12.3/jackson-module-parameter-names-2.12.3.jar:/Users/mukuldhariwal/.m2/repository/org/springframework/boot/spring-boot-starter-tomcat/2.5.0-SNAPSHOT/spring-boot-starter-tomcat-2.5.0-SNAPSHOT.jar:/Users/mukuldhariwal/.m2/repository/org/apache/tomcat/embed/tomcat-embed-core/9.0.45/tomcat-embed-core-9.0.45.jar:/Users/mukuldhariwal/.m2/repository/org/apache/tomcat/embed/tomcat-embed-el/9.0.45/tomcat-embed-el-9.0.45.jar:/Users/mukuldhariwal/.m2/repository/org/apache/tomcat/embed/tomcat-embed-websocket/9.0.45/tomcat-embed-websocket-9.0.45.jar:/Users/mukuldhariwal/.m2/repository/org/springframework/spring-web/5.3.6/spring-web-5.3.6.jar:/Users/mukuldhariwal/.m2/repository/org/springframework/spring-beans/5.3.6/spring-beans-5.3.6.jar:/Users/mukuldhariwal/.m2/repository/org/springframework/spring-webmvc/5.3.6/spring-webmvc-5.3.6.jar:/Users/mukuldhariwal/.m2/repository/org/springframework/spring-aop/5.3.6/spring-aop-5.3.6.jar:/Users/mukuldhariwal/.m2/repository/org/springframework/spring-context/5.3.6/spring-context-5.3.6.jar:/Users/mukuldhariwal/.m2/repository/org/springframework/spring-expression/5.3.6/spring-expression-5.3.6.jar:/Users/mukuldhariwal/.m2/repository/org/springframework/boot/spring-boot-starter-mail/2.3.4.RELEASE/spring-boot-starter-mail-2.3.4.RELEASE.jar:/Users/mukuldhariwal/.m2/repository/org/springframework/spring-context-support/5.3.6/spring-context-support-5.3.6.jar:/Users/mukuldhariwal/.m2/repository/com/sun/mail/jakarta.mail/1.6.7/jakarta.mail-1.6.7.jar:/Users/mukuldhariwal/.m2/repository/com/sun/activation/jakarta.activation/1.2.2/jakarta.activation-1.2.2.jar:/Users/mukuldhariwal/.m2/repository/org/springframework/boot/spring-boot-starter-web-services/2.5.0-SNAPSHOT/spring-boot-starter-web-services-2.5.0-SNAPSHOT.jar:/Users/mukuldhariwal/.m2/repository/com/sun/xml/messaging/saaj/saaj-impl/1.5.2/saaj-impl-1.5.2.jar:/Users/mukuldhariwal/.m2/repository/jakarta/xml/soap/jakarta.xml.soap-api/1.4.2/jakarta.xml.soap-api-1.4.2.jar:/Users/mukuldhariwal/.m2/repository/org/jvnet/staxex/stax-ex/1.8.3/stax-ex-1.8.3.jar:/Users/mukuldhariwal/.m2/repository/jakarta/xml/ws/jakarta.xml.ws-api/2.3.3/jakarta.xml.ws-api-2.3.3.jar:/Users/mukuldhariwal/.m2/repository/jakarta/jws/jakarta.jws-api/2.1.0/jakarta.jws-api-2.1.0.jar:/Users/mukuldhariwal/.m2/repository/org/springframework/spring-oxm/5.3.6/spring-oxm-5.3.6.jar:/Users/mukuldhariwal/.m2/repository/org/springframework/ws/spring-ws-core/3.1.0-RC1/spring-ws-core-3.1.0-RC1.jar:/Users/mukuldhariwal/.m2/repository/org/springframework/ws/spring-xml/3.1.0-RC1/spring-xml-3.1.0-RC1.jar:/Users/mukuldhariwal/.m2/repository/org/springframework/boot/spring-boot-devtools/2.5.0-SNAPSHOT/spring-boot-devtools-2.5.0-SNAPSHOT.jar:/Users/mukuldhariwal/.m2/repository/org/springframework/boot/spring-boot/2.5.0-SNAPSHOT/spring-boot-2.5.0-SNAPSHOT.jar:/Users/mukuldhariwal/.m2/repository/org/springframework/boot/spring-boot-autoconfigure/2.5.0-SNAPSHOT/spring-boot-autoconfigure-2.5.0-SNAPSHOT.jar:/Users/mukuldhariwal/.m2/repository/org/springframework/boot/spring-boot-starter-test/2.5.0-SNAPSHOT/spring-boot-starter-test-2.5.0-SNAPSHOT.jar:/Users/mukuldhariwal/.m2/repository/org/springframework/boot/spring-boot-test/2.5.0-SNAPSHOT/spring-boot-test-2.5.0-SNAPSHOT.jar:/Users/mukuldhariwal/.m2/repository/org/springframework/boot/spring-boot-test-autoconfigure/2.5.0-SNAPSHOT/spring-boot-test-autoconfigure-2.5.0-SNAPSHOT.jar:/Users/mukuldhariwal/.m2/repository/com/jayway/jsonpath/json-path/2.5.0/json-path-2.5.0.jar:/Users/mukuldhariwal/.m2/repository/net/minidev/json-smart/2.4.2/json-smart-2.4.2.jar:/Users/mukuldhariwal/.m2/repository/net/minidev/accessors-smart/2.4.2/accessors-smart-2.4.2.jar:/Users/mukuldhariwal/.m2/repository/org/ow2/asm/asm/8.0.1/asm-8.0.1.jar:/Users/mukuldhariwal/.m2/repository/org/slf4j/slf4j-api/1.7.30/slf4j-api-1.7.30.jar:/Users/mukuldhariwal/.m2/repository/jakarta/xml/bind/jakarta.xml.bind-api/2.3.3/jakarta.xml.bind-api-2.3.3.jar:/Users/mukuldhariwal/.m2/repository/jakarta/activation/jakarta.activation-api/1.2.2/jakarta.activation-api-1.2.2.jar:/Users/mukuldhariwal/.m2/repository/org/assertj/assertj-core/3.19.0/assertj-core-3.19.0.jar:/Users/mukuldhariwal/.m2/repository/org/hamcrest/hamcrest/2.2/hamcrest-2.2.jar:/Users/mukuldhariwal/.m2/repository/org/junit/jupiter/junit-jupiter/5.7.1/junit-jupiter-5.7.1.jar:/Users/mukuldhariwal/.m2/repository/org/junit/jupiter/junit-jupiter-api/5.7.1/junit-jupiter-api-5.7.1.jar:/Users/mukuldhariwal/.m2/repository/org/apiguardian/apiguardian-api/1.1.0/apiguardian-api-1.1.0.jar:/Users/mukuldhariwal/.m2/repository/org/opentest4j/opentest4j/1.2.0/opentest4j-1.2.0.jar:/Users/mukuldhariwal/.m2/repository/org/junit/platform/junit-platform-commons/1.7.1/junit-platform-commons-1.7.1.jar:/Users/mukuldhariwal/.m2/repository/org/junit/jupiter/junit-jupiter-params/5.7.1/junit-jupiter-params-5.7.1.jar:/Users/mukuldhariwal/.m2/repository/org/junit/jupiter/junit-jupiter-engine/5.7.1/junit-jupiter-engine-5.7.1.jar:/Users/mukuldhariwal/.m2/repository/org/junit/platform/junit-platform-engine/1.7.1/junit-platform-engine-1.7.1.jar:/Users/mukuldhariwal/.m2/repository/org/mockito/mockito-core/3.9.0/mockito-core-3.9.0.jar:/Users/mukuldhariwal/.m2/repository/net/bytebuddy/byte-buddy/1.10.22/byte-buddy-1.10.22.jar:/Users/mukuldhariwal/.m2/repository/net/bytebuddy/byte-buddy-agent/1.10.22/byte-buddy-agent-1.10.22.jar:/Users/mukuldhariwal/.m2/repository/org/objenesis/objenesis/3.2/objenesis-3.2.jar:/Users/mukuldhariwal/.m2/repository/org/mockito/mockito-junit-jupiter/3.9.0/mockito-junit-jupiter-3.9.0.jar:/Users/mukuldhariwal/.m2/repository/org/skyscreamer/jsonassert/1.5.0/jsonassert-1.5.0.jar:/Users/mukuldhariwal/.m2/repository/com/vaadin/external/google/android-json/0.0.20131108.vaadin1/android-json-0.0.20131108.vaadin1.jar:/Users/mukuldhariwal/.m2/repository/org/springframework/spring-core/5.3.6/spring-core-5.3.6.jar:/Users/mukuldhariwal/.m2/repository/org/springframework/spring-jcl/5.3.6/spring-jcl-5.3.6.jar:/Users/mukuldhariwal/.m2/repository/org/springframework/spring-test/5.3.6/spring-test-5.3.6.jar:/Users/mukuldhariwal/.m2/repository/org/xmlunit/xmlunit-core/2.8.2/xmlunit-core-2.8.2.jar:"/>
    <property name="sun.cpu.endian" value="little"/>
    <property name="user.home" value="/Users/mukuldhariwal"/>
    <property name="user.language" value="en"/>
    <property name="java.specification.vendor" value="Oracle Corporation"/>
    <property name="java.version.date" value="2021-04-20"/>
    <property name="java.home" value="/Users/mukuldhariwal/Library/Java/JavaVirtualMachines/openjdk-16.0.1/Contents/Home"/>
    <property name="file.separator" value="/"/>
    <property name="basedir" value="/Users/mukuldhariwal/Desktop/git-projects/cowin"/>
    <property name="java.vm.compressedOopsMode" value="Zero based"/>
    <property name="line.separator" value="&#10;"/>
    <property name="java.specification.name" value="Java Platform API Specification"/>
    <property name="java.vm.specification.vendor" value="Oracle Corporation"/>
    <property name="surefire.real.class.path" value="/Users/mukuldhariwal/Desktop/git-projects/cowin/target/surefire/surefirebooter17752584966343101009.jar"/>
    <property name="sun.management.compiler" value="HotSpot 64-Bit Tiered Compilers"/>
    <property name="ftp.nonProxyHosts" value="local|*.local|169.254/16|*.169.254/16"/>
    <property name="java.runtime.version" value="16.0.1+9-24"/>
    <property name="user.name" value="mukuldhariwal"/>
    <property name="path.separator" value=":"/>
    <property name="os.version" value="10.15.7"/>
    <property name="java.runtime.name" value="OpenJDK Runtime Environment"/>
    <property name="file.encoding" value="US-ASCII"/>
    <property name="java.vm.name" value="OpenJDK 64-Bit Server VM"/>
    <property name="localRepository" value="/Users/mukuldhariwal/.m2/repository"/>
    <property name="java.vendor.url.bug" value="https://bugreport.java.com/bugreport/"/>
    <property name="java.io.tmpdir" value="/var/folders/_z/1mrc76v104g6_8x2v8dpkv940000gn/T/"/>
    <property name="idea.version" value="2021.1.1"/>
    <property name="java.version" value="16.0.1"/>
    <property name="user.dir" value="/Users/mukuldhariwal/Desktop/git-projects/cowin"/>
    <property name="os.arch" value="x86_64"/>
    <property name="java.vm.specification.name" value="Java Virtual Machine Specification"/>
    <property name="java.library.path" value="/Users/mukuldhariwal/Library/Java/Extensions:/Library/Java/Extensions:/Network/Library/Java/Extensions:/System/Library/Java/Extensions:/usr/lib/java:."/>
    <property name="java.vm.info" value="mixed mode, sharing"/>
    <property name="java.vendor" value="Oracle Corporation"/>
    <property name="java.vm.version" value="16.0.1+9-24"/>
    <property name="sun.io.unicode.encoding" value="UnicodeBig"/>
    <property name="socksNonProxyHosts" value="local|*.local|169.254/16|*.169.254/16"/>
    <property name="java.class.version" value="60.0"/>
  </properties>
  <testcase name="testResponse" classname="com.example.cowin.CowinApplicationTests" time="0.173"/>
  <testcase name="stringFormattingTest" classname="com.example.cowin.CowinApplicationTests" time="0.008"/>
  <testcase name="dateFormattingTest" classname="com.example.cowin.CowinApplicationTests" time="0.001"/>
</testsuite>